<?xml version="1.0" encoding="UTF-8"?>
<!-- Generated by org.testng.reporters.JUnitReportReporter -->
<testsuite skipped="10" hostname="DESKTOP-G24M896" name="com.odoo.scripts.SalesTest" tests="11" failures="0" timestamp="2019-11-07T23:50:10 IST" time="61.085" errors="0">
  <testcase name="CreateLeads" time="61.085" classname="com.odoo.scripts.SalesTest"/>
  <testcase name="editCustomer" classname="com.odoo.scripts.SalesTest">
    <skipped/>
  </testcase> <!-- editCustomer -->
  <testcase name="ShiftPipeline" classname="com.odoo.scripts.SalesTest">
    <skipped/>
  </testcase> <!-- ShiftPipeline -->
  <testcase name="CreateDuplicateCustomer" classname="com.odoo.scripts.SalesTest">
    <skipped/>
  </testcase> <!-- CreateDuplicateCustomer -->
  <testcase name="createCustomer" classname="com.odoo.scripts.SalesTest">
    <skipped/>
  </testcase> <!-- createCustomer -->
  <testcase name="DeleteAllOpportunities" classname="com.odoo.scripts.SalesTest">
    <skipped/>
  </testcase> <!-- DeleteAllOpportunities -->
  <testcase name="DeleteDuplicateCustomer" classname="com.odoo.scripts.SalesTest">
    <skipped/>
  </testcase> <!-- DeleteDuplicateCustomer -->
  <testcase name="CreatePipeline" classname="com.odoo.scripts.SalesTest">
    <skipped/>
  </testcase> <!-- CreatePipeline -->
  <testcase name="CreateSalesTeam" classname="com.odoo.scripts.SalesTest">
    <skipped/>
  </testcase> <!-- CreateSalesTeam -->
  <testcase name="DeleteAllCustomer" classname="com.odoo.scripts.SalesTest">
    <skipped/>
  </testcase> <!-- DeleteAllCustomer -->
  <testcase name="createCustomerImport" classname="com.odoo.scripts.SalesTest">
    <skipped/>
  </testcase> <!-- createCustomerImport -->
</testsuite> <!-- com.odoo.scripts.SalesTest -->
