<?xml version="1.0" encoding="UTF-8"?>
<!-- Generated by org.testng.reporters.JUnitReportReporter -->
<testsuite skipped="0" hostname="DESKTOP-G24M896" name="com.odoo.scripts.LoginTest" tests="2" failures="0" timestamp="2019-11-01T13:59:23 IST" time="57.322" errors="0">
  <testcase name="validLoginTest" time="53.121" classname="com.odoo.scripts.LoginTest"/>
  <testcase name="InvalidLoginTest" time="4.201" classname="com.odoo.scripts.LoginTest"/>
</testsuite> <!-- com.odoo.scripts.LoginTest -->
